<?xml version="1.0" encoding="UTF-8"?>
<testsuite xmlns:xsi="http://www.w3.org/2001/XMLSchema-instance" xsi:noNamespaceSchemaLocation="https://maven.apache.org/surefire/maven-surefire-plugin/xsd/surefire-test-report.xsd" version="3.0.2" name="com.example.CalculatorTest" time="0.059" tests="2" errors="0" skipped="0" failures="0">
  <properties>
[...]
</properties>
  <testcase name="testAdditionUsingAAA" classname="com.example.CalculatorTest" time="0.013">
    <system-out><![CDATA[Setup: Created a new Calculator instance.
Teardown: Reset and cleaned up Calculator instance.
]]></system-out>
  </testcase>
  <testcase name="testSubtractionUsingAAA" classname="com.example.CalculatorTest" time="0.0">
    <system-out><![CDATA[Setup: Created a new Calculator instance.
Teardown: Reset and cleaned up Calculator instance.
]]></system-out>
  </testcase>
</testsuite>